<?xml version="1.0" encoding="UTF-8"?>
<!-- Generated by org.testng.reporters.JUnitReportReporter -->
<testsuite skipped="0" hostname="DESKTOP-SRHD4QH" name="integration_UBUY.Server_Integration" tests="10" failures="0" timestamp="11 Feb 2019 06:51:16 GMT" time="131.243" errors="0">
  <testcase name="tc01LaunchURL" time="4.039" classname="integration_UBUY.Server_Integration"/>
  <testcase name="tc09PaymentOptions" time="5.581" classname="integration_UBUY.Server_Integration"/>
  <testcase name="tc10OrderReview" time="1.709" classname="integration_UBUY.Server_Integration"/>
  <testcase name="tc06Login" time="26.358" classname="integration_UBUY.Server_Integration"/>
  <testcase name="tc07ShippingInformation" time="6.739" classname="integration_UBUY.Server_Integration"/>
  <testcase name="tc08ShippingMethod" time="19.038" classname="integration_UBUY.Server_Integration"/>
  <testcase name="tc02SearchProducts" time="9.459" classname="integration_UBUY.Server_Integration"/>
  <testcase name="tc03SelecthProducts" time="4.020" classname="integration_UBUY.Server_Integration"/>
  <testcase name="tc04AddToCart" time="24.335" classname="integration_UBUY.Server_Integration"/>
  <testcase name="tc05ProceedToCheckout" time="29.965" classname="integration_UBUY.Server_Integration"/>
</testsuite> <!-- integration_UBUY.Server_Integration -->
