<?xml version="1.0" encoding="UTF-8"?>
<!-- Generated by org.testng.reporters.JUnitReportReporter -->
<testsuite skipped="0" hostname="DESKTOP-SRHD4QH" name="integration_UBUY.Server_Integration" tests="10" failures="0" timestamp="12 Feb 2019 08:56:58 GMT" time="62.178" errors="0">
  <testcase name="tc04AddToCart" time="9.524" classname="integration_UBUY.Server_Integration"/>
  <testcase name="tc07ShippingInformation" time="5.831" classname="integration_UBUY.Server_Integration"/>
  <testcase name="tc05ProceedToCheckout" time="8.491" classname="integration_UBUY.Server_Integration"/>
  <testcase name="tc06Login" time="10.477" classname="integration_UBUY.Server_Integration"/>
  <testcase name="tc08ShippingMethod" time="4.444" classname="integration_UBUY.Server_Integration"/>
  <testcase name="tc01LaunchURL" time="4.943" classname="integration_UBUY.Server_Integration"/>
  <testcase name="tc03SelecthProducts" time="2.211" classname="integration_UBUY.Server_Integration"/>
  <testcase name="tc02SearchProducts" time="8.758" classname="integration_UBUY.Server_Integration"/>
  <testcase name="tc10OrderReview" time="1.656" classname="integration_UBUY.Server_Integration"/>
  <testcase name="tc09PaymentOptions" time="5.843" classname="integration_UBUY.Server_Integration"/>
</testsuite> <!-- integration_UBUY.Server_Integration -->
